modules/nearby-doors/android/build/intermediates/manifest_merge_blame_file/release/processReleaseManifest/manifest-merger-blame-release-report.txt
1<?xml version="1.0" encoding="utf-8"?>
2<manifest xmlns:android="http://schemas.android.com/apk/res/android"
3    package="expo.modules.latchnearbydoors" >
4
5    <uses-sdk android:minSdkVersion="24" />
6
7    <uses-feature
7-->src/main/AndroidManifest.xml:2:3-89
8        android:name="android.hardware.bluetooth_le"
8-->src/main/AndroidManifest.xml:2:17-61
9        android:required="false" />
9-->src/main/AndroidManifest.xml:2:62-86
10
11    <uses-permission
11-->src/main/AndroidManifest.xml:3:3-93
12        android:name="android.permission.BLUETOOTH"
12-->src/main/AndroidManifest.xml:3:20-63
13        android:maxSdkVersion="30" />
13-->src/main/AndroidManifest.xml:3:64-90
14    <uses-permission
14-->src/main/AndroidManifest.xml:4:3-99
15        android:name="android.permission.BLUETOOTH_ADMIN"
15-->src/main/AndroidManifest.xml:4:20-69
16        android:maxSdkVersion="30" />
16-->src/main/AndroidManifest.xml:4:70-96
17    <uses-permission
17-->src/main/AndroidManifest.xml:5:3-104
18        android:name="android.permission.ACCESS_FINE_LOCATION"
18-->src/main/AndroidManifest.xml:5:20-74
19        android:maxSdkVersion="30" />
19-->src/main/AndroidManifest.xml:5:75-101
20    <uses-permission android:name="android.permission.BLUETOOTH_SCAN" />
20-->src/main/AndroidManifest.xml:6:3-71
20-->src/main/AndroidManifest.xml:6:20-68
21    <uses-permission android:name="android.permission.BLUETOOTH_CONNECT" />
21-->src/main/AndroidManifest.xml:7:3-74
21-->src/main/AndroidManifest.xml:7:20-71
22
23</manifest>